** ComfyUI startup time: 2024-04-18 05:20:39.664216
[2024-04-18 05:20] ** Platform: Windows
[2024-04-18 05:20] ** Python version: 3.11.6 (tags/v3.11.6:8b6ee5b, Oct  2 2023, 14:57:12) [MSC v.1935 64 bit (AMD64)]
[2024-04-18 05:20] ** Python executable: E:\ComfyUI_windows_portable\python_embeded\python.exe
[2024-04-18 05:20] ** Log path: C:\Users\archi\source\repos\Grasshopper_ComfyUI\comfyui.log
[2024-04-18 05:20] Downloading SVD model: svd_xt.safetensors...
[2024-04-18 05:20] Downloading SVD model: svd_xt_image_decoder.safetensors...
[2024-04-18 05:20] 
Prestartup times for custom nodes:
[2024-04-18 05:20]    0.0 seconds: E:\ComfyUI_windows_portable\ComfyUI\custom_nodes\rgthree-comfy
[2024-04-18 05:20]    0.1 seconds: E:\ComfyUI_windows_portable\ComfyUI\custom_nodes\ComfyUI-Stable-Video-Diffusion
[2024-04-18 05:20]    2.0 seconds: E:\ComfyUI_windows_portable\ComfyUI\custom_nodes\ComfyUI-Manager
[2024-04-18 05:20] 
Traceback (most recent call last):
[2024-04-18 05:21]   File "E:\ComfyUI_windows_portable\ComfyUI\main.py", line 76, in <module>
[2024-04-18 05:21]     import execution
[2024-04-18 05:21]   File "E:\ComfyUI_windows_portable\ComfyUI\execution.py", line 11, in <module>
[2024-04-18 05:21]     import nodes
[2024-04-18 05:21]   File "E:\ComfyUI_windows_portable\ComfyUI\nodes.py", line 21, in <module>
[2024-04-18 05:21]     import comfy.diffusers_load
[2024-04-18 05:21]   File "E:\ComfyUI_windows_portable\ComfyUI\comfy\diffusers_load.py", line 3, in <module>
[2024-04-18 05:21]     import comfy.sd
[2024-04-18 05:21]   File "E:\ComfyUI_windows_portable\ComfyUI\comfy\sd.py", line 5, in <module>
[2024-04-18 05:21]     from comfy import model_management
[2024-04-18 05:21]   File "E:\ComfyUI_windows_portable\ComfyUI\comfy\model_management.py", line 119, in <module>
[2024-04-18 05:21]     total_vram = get_total_memory(get_torch_device()) / (1024 * 1024)
[2024-04-18 05:21]                                   ^^^^^^^^^^^^^^^^^^
[2024-04-18 05:21]   File "E:\ComfyUI_windows_portable\ComfyUI\comfy\model_management.py", line 88, in get_torch_device
[2024-04-18 05:21]     return torch.device(torch.cuda.current_device())
[2024-04-18 05:21]                         ^^^^^^^^^^^^^^^^^^^^^^^^^^^
[2024-04-18 05:21]   File "E:\ComfyUI_windows_portable\python_embeded\Lib\site-packages\torch\cuda\__init__.py", line 787, in current_device
[2024-04-18 05:21]     _lazy_init()
[2024-04-18 05:21]   File "E:\ComfyUI_windows_portable\python_embeded\Lib\site-packages\torch\cuda\__init__.py", line 293, in _lazy_init
[2024-04-18 05:21]     raise AssertionError("Torch not compiled with CUDA enabled")
[2024-04-18 05:21] AssertionError: Torch not compiled with CUDA enabled
